<?xml version="1.0" encoding="UTF-8"?>
<testng-results ignored="0" total="1" passed="1" failed="0" skipped="0">
  <reporter-output>
  </reporter-output>
  <suite started-at="2023-07-28T15:49:33 IST" name="Default suite" finished-at="2023-07-28T15:49:51 IST" duration-ms="18482">
    <groups>
    </groups>
    <test started-at="2023-07-28T15:49:33 IST" name="Default test" finished-at="2023-07-28T15:49:51 IST" duration-ms="18482">
      <class name="com.Anantation.Login">
        <test-method is-config="true" signature="beforeMethod()[pri:0, instance:com.Anantation.Login@1e6a3214]" started-at="2023-07-28T15:49:33 IST" name="beforeMethod" finished-at="2023-07-28T15:49:43 IST" duration-ms="10326" status="PASS">
          <reporter-output>
          </reporter-output>
        </test-method> <!-- beforeMethod -->
        <test-method signature="f()[pri:0, instance:com.Anantation.Login@1e6a3214]" started-at="2023-07-28T15:49:43 IST" name="f" finished-at="2023-07-28T15:49:46 IST" duration-ms="2591" status="PASS">
          <reporter-output>
          </reporter-output>
        </test-method> <!-- f -->
        <test-method is-config="true" signature="afterMethod()[pri:0, instance:com.Anantation.Login@1e6a3214]" started-at="2023-07-28T15:49:46 IST" name="afterMethod" finished-at="2023-07-28T15:49:51 IST" duration-ms="5517" status="PASS">
          <reporter-output>
          </reporter-output>
        </test-method> <!-- afterMethod -->
      </class> <!-- com.Anantation.Login -->
    </test> <!-- Default test -->
  </suite> <!-- Default suite -->
</testng-results>
