<?xml version="1.0" encoding="UTF-8"?>
<testng-results ignored="0" total="1" passed="1" failed="0" skipped="0">
  <reporter-output>
  </reporter-output>
  <suite started-at="2023-07-27T23:07:57 IST" name="Default suite" finished-at="2023-07-27T23:08:12 IST" duration-ms="14152">
    <groups>
    </groups>
    <test started-at="2023-07-27T23:07:57 IST" name="Default test" finished-at="2023-07-27T23:08:12 IST" duration-ms="14152">
      <class name="com.framework.anatation">
        <test-method is-config="true" signature="beforeMethod()[pri:0, instance:com.framework.anatation@65c7a252]" started-at="2023-07-27T23:07:57 IST" name="beforeMethod" finished-at="2023-07-27T23:08:07 IST" duration-ms="9335" status="PASS">
          <reporter-output>
          </reporter-output>
        </test-method> <!-- beforeMethod -->
        <test-method signature="f()[pri:0, instance:com.framework.anatation@65c7a252]" started-at="2023-07-27T23:08:07 IST" name="f" finished-at="2023-07-27T23:08:09 IST" duration-ms="2543" status="PASS">
          <reporter-output>
          </reporter-output>
        </test-method> <!-- f -->
        <test-method is-config="true" signature="afterMethod()[pri:0, instance:com.framework.anatation@65c7a252]" started-at="2023-07-27T23:08:09 IST" name="afterMethod" finished-at="2023-07-27T23:08:12 IST" duration-ms="2207" status="PASS">
          <reporter-output>
          </reporter-output>
        </test-method> <!-- afterMethod -->
      </class> <!-- com.framework.anatation -->
    </test> <!-- Default test -->
  </suite> <!-- Default suite -->
</testng-results>
